Removed Pin From Net: NetName=GND Pin=C2-1
Removed Pin From Net: NetName=GND Pin=U1-20
Change Component Comment : Designator=C3 Old Comment=Cap New Comment=0.1uF
Change Component Comment : Designator=C5 Old Comment=Cap New Comment=0.1uF
Change Component Comment : Designator=C1 Old Comment=Cap New Comment=1pF
Change Component Comment : Designator=C2 Old Comment=Cap New Comment=10uF
Change Component Comment : Designator=R4 Old Comment=Res1 New Comment=1k
Change Component Comment : Designator=R3 Old Comment=Res1 New Comment=10k
Change Component Comment : Designator=R1 Old Comment=Res1 New Comment=16k
Change Component Comment : Designator=R2 Old Comment=Res1 New Comment=16M
Change component parameters: Designator = "C1"; Footprint = "RAD-0.3"; UniqueID = "\QWCIOASC"
Change component parameters. Clean all parameters for all variants
Change component parameters (AddParameter): Name = "LatestRevisionDate"; Value = "17-Jul-2002"; VariantName = "[No Variations]"
Change component parameters (AddParameter): Name = "LatestRevisionNote"; Value = "Re-released for DXP Platform."; VariantName = "[No Variations]"
Change component parameters (AddParameter): Name = "PackageDescription"; Value = "Radial Cap, Thru-Hole; 2 Leads; 0.3 in Pin Spacing"; VariantName = "[No Variations]"
Change component parameters (AddParameter): Name = "PackageReference"; Value = "RAD-0.3"; VariantName = "[No Variations]"
Change component parameters (AddParameter): Name = "Published"; Value = "8-Jun-2000"; VariantName = "[No Variations]"
Change component parameters (AddParameter): Name = "Publisher"; Value = "Altium Limited"; VariantName = "[No Variations]"
Change component parameters (AddParameter): Name = "Value"; Value = "1pF"; VariantName = "[No Variations]"
Added Pin To Net: NetName=NetC2_1 Pin=C2-1
Added Pin To Net: NetName=NetC2_1 Pin=U1-20
Added Net: Name=NetC2_1
