Removed Pin From Net: NetName=NetJ1_1 Pin=OP_AMP-5
Removed Pin From Net: NetName=NetP1_2 Pin=P1-2
Removed Pin From Net: NetName=NetP1_2 Pin=P1-2
Removed Pin From Net: NetName=NetP1_2 Pin=P1-2
Change Component Comment : Designator=C3 Old Comment=.1uF New Comment=0.1uF
Change Component Comment : Designator=C4 Old Comment=.1uF New Comment=0.1uF
Change Component Comment : Designator=C5 Old Comment=.1uF New Comment=0.1uF
Change Component Designator: OldDesignator=PIC NewDesignator=U1
Change Component Designator: OldDesignator=Volt Reg NewDesignator=U3
Added Component: Designator=P2(HDR1X3)
Add component. Clean all parameters for all variants
Add component (AddParameter): Name = "LatestRevisionDate"; Value = "17-Jul-2002"; VariantName = "[No Variations]"
Add component (AddParameter): Name = "LatestRevisionNote"; Value = "Re-released for DXP Platform."; VariantName = "[No Variations]"
Add component (AddParameter): Name = "Publisher"; Value = "Altium Limited"; VariantName = "[No Variations]"
Added Pin To Net: NetName=NetC1_1 Pin=OP_AMP-4
Added Pin To Net: NetName=NetP1_2 Pin=P1-1
Added Pin To Net: NetName=GND Pin=P1-2
Added Pin To Net: NetName=GND Pin=P1-2
Added Pin To Net: NetName=GND Pin=P1-2
Added Pin To Net: NetName=GND Pin=P2-2
Change Net Name : Old Net Name=NetP1_2 New Net Name=NetP1_1
Added Pin To Net: NetName=NetOP_AMP_2 Pin=OP_AMP-2
Added Pin To Net: NetName=NetOP_AMP_2 Pin=P2-3
Added Net: Name=NetOP_AMP_2
Added Pin To Net: NetName=NetOP_AMP_5 Pin=OP_AMP-5
Added Pin To Net: NetName=NetOP_AMP_5 Pin=P2-1
Added Net: Name=NetOP_AMP_5
Added Member To Class: ClassName=EE3102_PCB_Proj Member=Component P2 Breakout
